The target system is: Darwin - 12.4 - 
The host system is: Darwin - 18.7.0 - x86_64
Compiling the C compiler identification source file "CMakeCCompilerId.c" succeeded.
Compiler: /Applications/Xcode.app/Contents/Developer/Toolchains/XcodeDefault.xctoolchain/usr/bin/clang 
Build flags: -miphoneos-version-min=8.0;-fembed-bitcode;-fobjc-abi-version=2;-fobjc-arc;-miphoneos-version-min=8.0;-fembed-bitcode;-fobjc-abi-version=2;-fobjc-arc;
Id flags: -c 

The output was:
0


Compilation of the C compiler identification source "CMakeCCompilerId.c" produced "CMakeCCompilerId.o"

The C compiler identification is AppleClang, found in "/Users/jsh/dev/data_reporter/DataReporter/build/iOS/build/os/CMakeFiles/3.15.3/CompilerIdC/CMakeCCompilerId.o"

Compiling the CXX compiler identification source file "CMakeCXXCompilerId.cpp" succeeded.
Compiler: /Applications/Xcode.app/Contents/Developer/Toolchains/XcodeDefault.xctoolchain/usr/bin/clang++ 
Build flags: -miphoneos-version-min=8.0;-fembed-bitcode;-fvisibility=hidden;-fvisibility-inlines-hidden;-fobjc-abi-version=2;-fobjc-arc;-miphoneos-version-min=8.0;-fembed-bitcode;-fvisibility=hidden;-fvisibility-inlines-hidden;-fobjc-abi-version=2;-fobjc-arc;
Id flags: -c 

The output was:
0


Compilation of the CXX compiler identification source "CMakeCXXCompilerId.cpp" produced "CMakeCXXCompilerId.o"

The CXX compiler identification is AppleClang, found in "/Users/jsh/dev/data_reporter/DataReporter/build/iOS/build/os/CMakeFiles/3.15.3/CompilerIdCXX/CMakeCXXCompilerId.o"

Determining if the C compiler works passed with the following output:
Change Dir: /Users/jsh/dev/data_reporter/DataReporter/build/iOS/build/os/CMakeFiles/CMakeTmp

Run Build Command(s):/Applications/Xcode.app/Contents/Developer/usr/bin/make cmTC_23fe6/fast && /Applications/Xcode.app/Contents/Developer/usr/bin/make -f CMakeFiles/cmTC_23fe6.dir/build.make CMakeFiles/cmTC_23fe6.dir/build
Building C object CMakeFiles/cmTC_23fe6.dir/testCCompiler.c.o
/Applications/Xcode.app/Contents/Developer/Toolchains/XcodeDefault.xctoolchain/usr/bin/clang   -miphoneos-version-min=8.0 -fembed-bitcode -fobjc-abi-version=2 -fobjc-arc -miphoneos-version-min=8.0 -fembed-bitcode -fobjc-abi-version=2 -fobjc-arc   -arch armv7 -arch armv7s -arch arm64 -arch arm64e -isysroot /Applications/Xcode.app/Contents/Developer/Platforms/iPhoneOS.platform/Developer/SDKs/iPhoneOS12.4.sdk   -o CMakeFiles/cmTC_23fe6.dir/testCCompiler.c.o   -c /Users/jsh/dev/data_reporter/DataReporter/build/iOS/build/os/CMakeFiles/CMakeTmp/testCCompiler.c
Linking C static library libcmTC_23fe6.a
/Applications/CMake.app/Contents/bin/cmake -P CMakeFiles/cmTC_23fe6.dir/cmake_clean_target.cmake
/Applications/CMake.app/Contents/bin/cmake -E cmake_link_script CMakeFiles/cmTC_23fe6.dir/link.txt --verbose=1
/Applications/Xcode.app/Contents/Developer/Toolchains/XcodeDefault.xctoolchain/usr/bin/libtool -static -o libcmTC_23fe6.a  CMakeFiles/cmTC_23fe6.dir/testCCompiler.c.o 



Detecting C compiler ABI info compiled with the following output:
Change Dir: /Users/jsh/dev/data_reporter/DataReporter/build/iOS/build/os/CMakeFiles/CMakeTmp

Run Build Command(s):/Applications/Xcode.app/Contents/Developer/usr/bin/make cmTC_54cfb/fast && /Applications/Xcode.app/Contents/Developer/usr/bin/make -f CMakeFiles/cmTC_54cfb.dir/build.make CMakeFiles/cmTC_54cfb.dir/build
Building C object CMakeFiles/cmTC_54cfb.dir/CMakeCCompilerABI.c.o
/Applications/Xcode.app/Contents/Developer/Toolchains/XcodeDefault.xctoolchain/usr/bin/clang   -miphoneos-version-min=8.0 -fembed-bitcode -fobjc-abi-version=2 -fobjc-arc -miphoneos-version-min=8.0 -fembed-bitcode -fobjc-abi-version=2 -fobjc-arc   -arch armv7 -arch armv7s -arch arm64 -arch arm64e -isysroot /Applications/Xcode.app/Contents/Developer/Platforms/iPhoneOS.platform/Developer/SDKs/iPhoneOS12.4.sdk   -v -Wl,-v -o CMakeFiles/cmTC_54cfb.dir/CMakeCCompilerABI.c.o   -c /Applications/CMake.app/Contents/share/cmake-3.15/Modules/CMakeCCompilerABI.c
Apple LLVM version 10.0.1 (clang-1001.0.46.4)
Target: arm64e-apple-darwin18.7.0
Thread model: posix
InstalledDir: /Applications/Xcode.app/Contents/Developer/Toolchains/XcodeDefault.xctoolchain/usr/bin
clang: warning: -Wl,-v: 'linker' input unused [-Wunused-command-line-argument]
 "/Applications/Xcode.app/Contents/Developer/Toolchains/XcodeDefault.xctoolchain/usr/bin/clang" -cc1 -triple thumbv7-apple-ios8.0.0 -emit-llvm-bc -disable-free -disable-llvm-verifier -discard-value-names -main-file-name CMakeCCompilerABI.c -mrelocation-model pic -pic-level 2 -mthread-model posix -mdisable-fp-elim -fno-strict-return -masm-verbose -faligned-alloc-unavailable -target-cpu generic -target-feature +soft-float-abi -target-abi apcs-gnu -mfloat-abi soft -fallow-half-arguments-and-returns -dwarf-column-info -debugger-tuning=lldb -target-linker-version 450.3 -v -coverage-notes-file /Users/jsh/dev/data_reporter/DataReporter/build/iOS/build/os/CMakeFiles/CMakeTmp/CMakeFiles/cmTC_54cfb.dir/CMakeCCompilerABI.c.gcno -resource-dir /Applications/Xcode.app/Contents/Developer/Toolchains/XcodeDefault.xctoolchain/usr/lib/clang/10.0.1 -isysroot /Applications/Xcode.app/Contents/Developer/Platforms/iPhoneOS.platform/Developer/SDKs/iPhoneOS12.4.sdk -Wno-atomic-implicit-seq-cst -Wno-framework-include-private-from-public -Wno-atimport-in-framework-header -Wno-quoted-include-in-framework-header -fdebug-compilation-dir /Users/jsh/dev/data_reporter/DataReporter/build/iOS/build/os/CMakeFiles/CMakeTmp -ferror-limit 19 -fmessage-length 0 -stack-protector 1 -fblocks -fencode-extended-block-signature -fregister-global-dtors-with-atexit -fobjc-runtime=ios-8.0.0 -fobjc-arc -fsjlj-exceptions -fmax-type-align=16 -fdiagnostics-show-option -o /var/folders/qf/0nbz75ws7pj6pg93zt52x07h0000gn/T/CMakeCCompilerABI-944c16.bc -x c /Applications/CMake.app/Contents/share/cmake-3.15/Modules/CMakeCCompilerABI.c
clang -cc1 version 10.0.1 (clang-1001.0.46.4) default target x86_64-apple-darwin18.7.0
ignoring nonexistent directory "/Applications/Xcode.app/Contents/Developer/Platforms/iPhoneOS.platform/Developer/SDKs/iPhoneOS12.4.sdk/usr/local/include"
ignoring nonexistent directory "/Applications/Xcode.app/Contents/Developer/Platforms/iPhoneOS.platform/Developer/SDKs/iPhoneOS12.4.sdk/Library/Frameworks"
#include "..." search starts here:
#include <...> search starts here:
 /Applications/Xcode.app/Contents/Developer/Toolchains/XcodeDefault.xctoolchain/usr/lib/clang/10.0.1/include
 /Applications/Xcode.app/Contents/Developer/Toolchains/XcodeDefault.xctoolchain/usr/include
 /Applications/Xcode.app/Contents/Developer/Platforms/iPhoneOS.platform/Developer/SDKs/iPhoneOS12.4.sdk/usr/include
 /Applications/Xcode.app/Contents/Developer/Platforms/iPhoneOS.platform/Developer/SDKs/iPhoneOS12.4.sdk/System/Library/Frameworks (framework directory)
End of search list.
 "/Applications/Xcode.app/Contents/Developer/Toolchains/XcodeDefault.xctoolchain/usr/bin/clang" -cc1 -triple thumbv7-apple-ios8.0.0 -emit-obj -fembed-bitcode=all -disable-llvm-passes -target-abi apcs-gnu -mfloat-abi soft -o /var/folders/qf/0nbz75ws7pj6pg93zt52x07h0000gn/T/CMakeCCompilerABI-f55e84.o -x ir /var/folders/qf/0nbz75ws7pj6pg93zt52x07h0000gn/T/CMakeCCompilerABI-944c16.bc
 "/Applications/Xcode.app/Contents/Developer/Toolchains/XcodeDefault.xctoolchain/usr/bin/clang" -cc1 -triple thumbv7s-apple-ios8.0.0 -emit-llvm-bc -disable-free -disable-llvm-verifier -discard-value-names -main-file-name CMakeCCompilerABI.c -mrelocation-model pic -pic-level 2 -mthread-model posix -mdisable-fp-elim -fno-strict-return -masm-verbose -faligned-alloc-unavailable -target-cpu swift -target-feature +soft-float-abi -target-abi apcs-gnu -mfloat-abi soft -fallow-half-arguments-and-returns -dwarf-column-info -debugger-tuning=lldb -target-linker-version 450.3 -v -coverage-notes-file /Users/jsh/dev/data_reporter/DataReporter/build/iOS/build/os/CMakeFiles/CMakeTmp/CMakeFiles/cmTC_54cfb.dir/CMakeCCompilerABI.c.gcno -resource-dir /Applications/Xcode.app/Contents/Developer/Toolchains/XcodeDefault.xctoolchain/usr/lib/clang/10.0.1 -isysroot /Applications/Xcode.app/Contents/Developer/Platforms/iPhoneOS.platform/Developer/SDKs/iPhoneOS12.4.sdk -Wno-atomic-implicit-seq-cst -Wno-framework-include-private-from-public -Wno-atimport-in-framework-header -Wno-quoted-include-in-framework-header -fdebug-compilation-dir /Users/jsh/dev/data_reporter/DataReporter/build/iOS/build/os/CMakeFiles/CMakeTmp -ferror-limit 19 -fmessage-length 0 -stack-protector 1 -fblocks -fencode-extended-block-signature -fregister-global-dtors-with-atexit -fobjc-runtime=ios-8.0.0 -fobjc-arc -fsjlj-exceptions -fmax-type-align=16 -fdiagnostics-show-option -o /var/folders/qf/0nbz75ws7pj6pg93zt52x07h0000gn/T/CMakeCCompilerABI-dad89d.bc -x c /Applications/CMake.app/Contents/share/cmake-3.15/Modules/CMakeCCompilerABI.c
clang -cc1 version 10.0.1 (clang-1001.0.46.4) default target x86_64-apple-darwin18.7.0
ignoring nonexistent directory "/Applications/Xcode.app/Contents/Developer/Platforms/iPhoneOS.platform/Developer/SDKs/iPhoneOS12.4.sdk/usr/local/include"
ignoring nonexistent directory "/Applications/Xcode.app/Contents/Developer/Platforms/iPhoneOS.platform/Developer/SDKs/iPhoneOS12.4.sdk/Library/Frameworks"
#include "..." search starts here:
#include <...> search starts here:
 /Applications/Xcode.app/Contents/Developer/Toolchains/XcodeDefault.xctoolchain/usr/lib/clang/10.0.1/include
 /Applications/Xcode.app/Contents/Developer/Toolchains/XcodeDefault.xctoolchain/usr/include
 /Applications/Xcode.app/Contents/Developer/Platforms/iPhoneOS.platform/Developer/SDKs/iPhoneOS12.4.sdk/usr/include
 /Applications/Xcode.app/Contents/Developer/Platforms/iPhoneOS.platform/Developer/SDKs/iPhoneOS12.4.sdk/System/Library/Frameworks (framework directory)
End of search list.
 "/Applications/Xcode.app/Contents/Developer/Toolchains/XcodeDefault.xctoolchain/usr/bin/clang" -cc1 -triple thumbv7s-apple-ios8.0.0 -emit-obj -fembed-bitcode=all -disable-llvm-passes -target-abi apcs-gnu -mfloat-abi soft -o /var/folders/qf/0nbz75ws7pj6pg93zt52x07h0000gn/T/CMakeCCompilerABI-ac4ff6.o -x ir /var/folders/qf/0nbz75ws7pj6pg93zt52x07h0000gn/T/CMakeCCompilerABI-dad89d.bc
 "/Applications/Xcode.app/Contents/Developer/Toolchains/XcodeDefault.xctoolchain/usr/bin/clang" -cc1 -triple arm64-apple-ios8.0.0 -Wdeprecated-objc-isa-usage -Werror=deprecated-objc-isa-usage -Werror=implicit-function-declaration -emit-llvm-bc -disable-free -disable-llvm-verifier -discard-value-names -main-file-name CMakeCCompilerABI.c -mrelocation-model pic -pic-level 2 -mthread-model posix -mdisable-fp-elim -fno-strict-return -masm-verbose -munwind-tables -faligned-alloc-unavailable -target-cpu cyclone -target-feature +fp-armv8 -target-feature +neon -target-feature +crypto -target-feature +zcm -target-feature +zcz -target-abi darwinpcs -fallow-half-arguments-and-returns -dwarf-column-info -debugger-tuning=lldb -target-linker-version 450.3 -v -coverage-notes-file /Users/jsh/dev/data_reporter/DataReporter/build/iOS/build/os/CMakeFiles/CMakeTmp/CMakeFiles/cmTC_54cfb.dir/CMakeCCompilerABI.c.gcno -resource-dir /Applications/Xcode.app/Contents/Developer/Toolchains/XcodeDefault.xctoolchain/usr/lib/clang/10.0.1 -isysroot /Applications/Xcode.app/Contents/Developer/Platforms/iPhoneOS.platform/Developer/SDKs/iPhoneOS12.4.sdk -Wno-atomic-implicit-seq-cst -Wno-framework-include-private-from-public -Wno-atimport-in-framework-header -Wno-quoted-include-in-framework-header -fdebug-compilation-dir /Users/jsh/dev/data_reporter/DataReporter/build/iOS/build/os/CMakeFiles/CMakeTmp -ferror-limit 19 -fmessage-length 0 -stack-protector 1 -fblocks -fencode-extended-block-signature -fregister-global-dtors-with-atexit -fobjc-runtime=ios-8.0.0 -fobjc-arc -fmax-type-align=16 -fdiagnostics-show-option -o /var/folders/qf/0nbz75ws7pj6pg93zt52x07h0000gn/T/CMakeCCompilerABI-b3b8a3.bc -x c /Applications/CMake.app/Contents/share/cmake-3.15/Modules/CMakeCCompilerABI.c
clang -cc1 version 10.0.1 (clang-1001.0.46.4) default target x86_64-apple-darwin18.7.0
ignoring nonexistent directory "/Applications/Xcode.app/Contents/Developer/Platforms/iPhoneOS.platform/Developer/SDKs/iPhoneOS12.4.sdk/usr/local/include"
ignoring nonexistent directory "/Applications/Xcode.app/Contents/Developer/Platforms/iPhoneOS.platform/Developer/SDKs/iPhoneOS12.4.sdk/Library/Frameworks"
#include "..." search starts here:
#include <...> search starts here:
 /Applications/Xcode.app/Contents/Developer/Toolchains/XcodeDefault.xctoolchain/usr/lib/clang/10.0.1/include
 /Applications/Xcode.app/Contents/Developer/Toolchains/XcodeDefault.xctoolchain/usr/include
 /Applications/Xcode.app/Contents/Developer/Platforms/iPhoneOS.platform/Developer/SDKs/iPhoneOS12.4.sdk/usr/include
 /Applications/Xcode.app/Contents/Developer/Platforms/iPhoneOS.platform/Developer/SDKs/iPhoneOS12.4.sdk/System/Library/Frameworks (framework directory)
End of search list.
 "/Applications/Xcode.app/Contents/Developer/Toolchains/XcodeDefault.xctoolchain/usr/bin/clang" -cc1 -triple arm64-apple-ios8.0.0 -Wdeprecated-objc-isa-usage -Werror=deprecated-objc-isa-usage -Werror=implicit-function-declaration -emit-obj -fembed-bitcode=all -disable-llvm-passes -target-abi darwinpcs -o /var/folders/qf/0nbz75ws7pj6pg93zt52x07h0000gn/T/CMakeCCompilerABI-ffbcc2.o -x ir /var/folders/qf/0nbz75ws7pj6pg93zt52x07h0000gn/T/CMakeCCompilerABI-b3b8a3.bc
 "/Applications/Xcode.app/Contents/Developer/Toolchains/XcodeDefault.xctoolchain/usr/bin/clang" -cc1 -triple arm64e-apple-ios8.0.0 -Wdeprecated-objc-isa-usage -Werror=deprecated-objc-isa-usage -Werror=implicit-function-declaration -emit-llvm-bc -disable-free -disable-llvm-verifier -discard-value-names -main-file-name CMakeCCompilerABI.c -mrelocation-model pic -pic-level 2 -mthread-model posix -mdisable-fp-elim -fno-strict-return -masm-verbose -munwind-tables -faligned-alloc-unavailable -target-cpu vortex -target-feature +v8.3a -target-feature +fp-armv8 -target-feature +neon -target-feature +crc -target-feature +crypto -target-feature +ras -target-feature +lse -target-feature +rdm -target-feature +rcpc -target-feature +zcm -target-feature +zcz -target-abi darwinpcs -fptrauth-returns -fptrauth-intrinsics -fptrauth-calls -fallow-half-arguments-and-returns -dwarf-column-info -debugger-tuning=lldb -target-linker-version 450.3 -v -coverage-notes-file /Users/jsh/dev/data_reporter/DataReporter/build/iOS/build/os/CMakeFiles/CMakeTmp/CMakeFiles/cmTC_54cfb.dir/CMakeCCompilerABI.c.gcno -resource-dir /Applications/Xcode.app/Contents/Developer/Toolchains/XcodeDefault.xctoolchain/usr/lib/clang/10.0.1 -isysroot /Applications/Xcode.app/Contents/Developer/Platforms/iPhoneOS.platform/Developer/SDKs/iPhoneOS12.4.sdk -Wno-atomic-implicit-seq-cst -Wno-framework-include-private-from-public -Wno-atimport-in-framework-header -Wno-quoted-include-in-framework-header -fdebug-compilation-dir /Users/jsh/dev/data_reporter/DataReporter/build/iOS/build/os/CMakeFiles/CMakeTmp -ferror-limit 19 -fmessage-length 0 -stack-protector 1 -fblocks -fencode-extended-block-signature -fregister-global-dtors-with-atexit -fobjc-runtime=ios-8.0.0 -fobjc-arc -fmax-type-align=16 -fdiagnostics-show-option -o /var/folders/qf/0nbz75ws7pj6pg93zt52x07h0000gn/T/CMakeCCompilerABI-d0b1a0.bc -x c /Applications/CMake.app/Contents/share/cmake-3.15/Modules/CMakeCCompilerABI.c
clang -cc1 version 10.0.1 (clang-1001.0.46.4) default target x86_64-apple-darwin18.7.0
ignoring nonexistent directory "/Applications/Xcode.app/Contents/Developer/Platforms/iPhoneOS.platform/Developer/SDKs/iPhoneOS12.4.sdk/usr/local/include"
ignoring nonexistent directory "/Applications/Xcode.app/Contents/Developer/Platforms/iPhoneOS.platform/Developer/SDKs/iPhoneOS12.4.sdk/Library/Frameworks"
#include "..." search starts here:
#include <...> search starts here:
 /Applications/Xcode.app/Contents/Developer/Toolchains/XcodeDefault.xctoolchain/usr/lib/clang/10.0.1/include
 /Applications/Xcode.app/Contents/Developer/Toolchains/XcodeDefault.xctoolchain/usr/include
 /Applications/Xcode.app/Contents/Developer/Platforms/iPhoneOS.platform/Developer/SDKs/iPhoneOS12.4.sdk/usr/include
 /Applications/Xcode.app/Contents/Developer/Platforms/iPhoneOS.platform/Developer/SDKs/iPhoneOS12.4.sdk/System/Library/Frameworks (framework directory)
End of search list.
 "/Applications/Xcode.app/Contents/Developer/Toolchains/XcodeDefault.xctoolchain/usr/bin/clang" -cc1 -triple arm64e-apple-ios8.0.0 -Wdeprecated-objc-isa-usage -Werror=deprecated-objc-isa-usage -Werror=implicit-function-declaration -emit-obj -fembed-bitcode=all -disable-llvm-passes -target-abi darwinpcs -o /var/folders/qf/0nbz75ws7pj6pg93zt52x07h0000gn/T/CMakeCCompilerABI-159c4a.o -x ir /var/folders/qf/0nbz75ws7pj6pg93zt52x07h0000gn/T/CMakeCCompilerABI-d0b1a0.bc
 "/Applications/Xcode.app/Contents/Developer/Toolchains/XcodeDefault.xctoolchain/usr/bin/lipo" -create -output CMakeFiles/cmTC_54cfb.dir/CMakeCCompilerABI.c.o /var/folders/qf/0nbz75ws7pj6pg93zt52x07h0000gn/T/CMakeCCompilerABI-f55e84.o /var/folders/qf/0nbz75ws7pj6pg93zt52x07h0000gn/T/CMakeCCompilerABI-ac4ff6.o /var/folders/qf/0nbz75ws7pj6pg93zt52x07h0000gn/T/CMakeCCompilerABI-ffbcc2.o /var/folders/qf/0nbz75ws7pj6pg93zt52x07h0000gn/T/CMakeCCompilerABI-159c4a.o
Linking C static library libcmTC_54cfb.a
/Applications/CMake.app/Contents/bin/cmake -P CMakeFiles/cmTC_54cfb.dir/cmake_clean_target.cmake
/Applications/CMake.app/Contents/bin/cmake -E cmake_link_script CMakeFiles/cmTC_54cfb.dir/link.txt --verbose=1
/Applications/Xcode.app/Contents/Developer/Toolchains/XcodeDefault.xctoolchain/usr/bin/libtool -static -o libcmTC_54cfb.a  CMakeFiles/cmTC_54cfb.dir/CMakeCCompilerABI.c.o 



Parsed C implicit include dir info from above output: rv=done
  found start of include info
  found start of implicit include info
    add: [/Applications/Xcode.app/Contents/Developer/Toolchains/XcodeDefault.xctoolchain/usr/lib/clang/10.0.1/include]
    add: [/Applications/Xcode.app/Contents/Developer/Toolchains/XcodeDefault.xctoolchain/usr/include]
    add: [/Applications/Xcode.app/Contents/Developer/Platforms/iPhoneOS.platform/Developer/SDKs/iPhoneOS12.4.sdk/usr/include]
  end of search list found
  collapse include dir [/Applications/Xcode.app/Contents/Developer/Toolchains/XcodeDefault.xctoolchain/usr/lib/clang/10.0.1/include] ==> [/Applications/Xcode.app/Contents/Developer/Toolchains/XcodeDefault.xctoolchain/usr/lib/clang/10.0.1/include]
  collapse include dir [/Applications/Xcode.app/Contents/Developer/Toolchains/XcodeDefault.xctoolchain/usr/include] ==> [/Applications/Xcode.app/Contents/Developer/Toolchains/XcodeDefault.xctoolchain/usr/include]
  collapse include dir [/Applications/Xcode.app/Contents/Developer/Platforms/iPhoneOS.platform/Developer/SDKs/iPhoneOS12.4.sdk/usr/include] ==> [/Applications/Xcode.app/Contents/Developer/Platforms/iPhoneOS.platform/Developer/SDKs/iPhoneOS12.4.sdk/usr/include]
  implicit include dirs: [/Applications/Xcode.app/Contents/Developer/Toolchains/XcodeDefault.xctoolchain/usr/lib/clang/10.0.1/include;/Applications/Xcode.app/Contents/Developer/Toolchains/XcodeDefault.xctoolchain/usr/include;/Applications/Xcode.app/Contents/Developer/Platforms/iPhoneOS.platform/Developer/SDKs/iPhoneOS12.4.sdk/usr/include]


Parsed C implicit link information from above output:
  link line regex: [^( *|.*[/\])(CMAKE_LINKER-NOTFOUND|CMAKE_LINK_STARTFILE-NOTFOUND|([^/\]+-)?ld|collect2)[^/\]*( |$)]
  ignore line: [Change Dir: /Users/jsh/dev/data_reporter/DataReporter/build/iOS/build/os/CMakeFiles/CMakeTmp]
  ignore line: []
  ignore line: [Run Build Command(s):/Applications/Xcode.app/Contents/Developer/usr/bin/make cmTC_54cfb/fast && /Applications/Xcode.app/Contents/Developer/usr/bin/make -f CMakeFiles/cmTC_54cfb.dir/build.make CMakeFiles/cmTC_54cfb.dir/build]
  ignore line: [Building C object CMakeFiles/cmTC_54cfb.dir/CMakeCCompilerABI.c.o]
  ignore line: [/Applications/Xcode.app/Contents/Developer/Toolchains/XcodeDefault.xctoolchain/usr/bin/clang   -miphoneos-version-min=8.0 -fembed-bitcode -fobjc-abi-version=2 -fobjc-arc -miphoneos-version-min=8.0 -fembed-bitcode -fobjc-abi-version=2 -fobjc-arc   -arch armv7 -arch armv7s -arch arm64 -arch arm64e -isysroot /Applications/Xcode.app/Contents/Developer/Platforms/iPhoneOS.platform/Developer/SDKs/iPhoneOS12.4.sdk   -v -Wl,-v -o CMakeFiles/cmTC_54cfb.dir/CMakeCCompilerABI.c.o   -c /Applications/CMake.app/Contents/share/cmake-3.15/Modules/CMakeCCompilerABI.c]
  ignore line: [Apple LLVM version 10.0.1 (clang-1001.0.46.4)]
  ignore line: [Target: arm64e-apple-darwin18.7.0]
  ignore line: [Thread model: posix]
  ignore line: [InstalledDir: /Applications/Xcode.app/Contents/Developer/Toolchains/XcodeDefault.xctoolchain/usr/bin]
  ignore line: [clang: warning: -Wl,-v: 'linker' input unused [-Wunused-command-line-argument]]
  ignore line: [ "/Applications/Xcode.app/Contents/Developer/Toolchains/XcodeDefault.xctoolchain/usr/bin/clang" -cc1 -triple thumbv7-apple-ios8.0.0 -emit-llvm-bc -disable-free -disable-llvm-verifier -discard-value-names -main-file-name CMakeCCompilerABI.c -mrelocation-model pic -pic-level 2 -mthread-model posix -mdisable-fp-elim -fno-strict-return -masm-verbose -faligned-alloc-unavailable -target-cpu generic -target-feature +soft-float-abi -target-abi apcs-gnu -mfloat-abi soft -fallow-half-arguments-and-returns -dwarf-column-info -debugger-tuning=lldb -target-linker-version 450.3 -v -coverage-notes-file /Users/jsh/dev/data_reporter/DataReporter/build/iOS/build/os/CMakeFiles/CMakeTmp/CMakeFiles/cmTC_54cfb.dir/CMakeCCompilerABI.c.gcno -resource-dir /Applications/Xcode.app/Contents/Developer/Toolchains/XcodeDefault.xctoolchain/usr/lib/clang/10.0.1 -isysroot /Applications/Xcode.app/Contents/Developer/Platforms/iPhoneOS.platform/Developer/SDKs/iPhoneOS12.4.sdk -Wno-atomic-implicit-seq-cst -Wno-framework-include-private-from-public -Wno-atimport-in-framework-header -Wno-quoted-include-in-framework-header -fdebug-compilation-dir /Users/jsh/dev/data_reporter/DataReporter/build/iOS/build/os/CMakeFiles/CMakeTmp -ferror-limit 19 -fmessage-length 0 -stack-protector 1 -fblocks -fencode-extended-block-signature -fregister-global-dtors-with-atexit -fobjc-runtime=ios-8.0.0 -fobjc-arc -fsjlj-exceptions -fmax-type-align=16 -fdiagnostics-show-option -o /var/folders/qf/0nbz75ws7pj6pg93zt52x07h0000gn/T/CMakeCCompilerABI-944c16.bc -x c /Applications/CMake.app/Contents/share/cmake-3.15/Modules/CMakeCCompilerABI.c]
  ignore line: [clang -cc1 version 10.0.1 (clang-1001.0.46.4) default target x86_64-apple-darwin18.7.0]
  ignore line: [ignoring nonexistent directory "/Applications/Xcode.app/Contents/Developer/Platforms/iPhoneOS.platform/Developer/SDKs/iPhoneOS12.4.sdk/usr/local/include"]
  ignore line: [ignoring nonexistent directory "/Applications/Xcode.app/Contents/Developer/Platforms/iPhoneOS.platform/Developer/SDKs/iPhoneOS12.4.sdk/Library/Frameworks"]
  ignore line: [#include "..." search starts here:]
  ignore line: [#include <...> search starts here:]
  ignore line: [ /Applications/Xcode.app/Contents/Developer/Toolchains/XcodeDefault.xctoolchain/usr/lib/clang/10.0.1/include]
  ignore line: [ /Applications/Xcode.app/Contents/Developer/Toolchains/XcodeDefault.xctoolchain/usr/include]
  ignore line: [ /Applications/Xcode.app/Contents/Developer/Platforms/iPhoneOS.platform/Developer/SDKs/iPhoneOS12.4.sdk/usr/include]
  ignore line: [ /Applications/Xcode.app/Contents/Developer/Platforms/iPhoneOS.platform/Developer/SDKs/iPhoneOS12.4.sdk/System/Library/Frameworks (framework directory)]
  ignore line: [End of search list.]
  ignore line: [ "/Applications/Xcode.app/Contents/Developer/Toolchains/XcodeDefault.xctoolchain/usr/bin/clang" -cc1 -triple thumbv7-apple-ios8.0.0 -emit-obj -fembed-bitcode=all -disable-llvm-passes -target-abi apcs-gnu -mfloat-abi soft -o /var/folders/qf/0nbz75ws7pj6pg93zt52x07h0000gn/T/CMakeCCompilerABI-f55e84.o -x ir /var/folders/qf/0nbz75ws7pj6pg93zt52x07h0000gn/T/CMakeCCompilerABI-944c16.bc]
  ignore line: [ "/Applications/Xcode.app/Contents/Developer/Toolchains/XcodeDefault.xctoolchain/usr/bin/clang" -cc1 -triple thumbv7s-apple-ios8.0.0 -emit-llvm-bc -disable-free -disable-llvm-verifier -discard-value-names -main-file-name CMakeCCompilerABI.c -mrelocation-model pic -pic-level 2 -mthread-model posix -mdisable-fp-elim -fno-strict-return -masm-verbose -faligned-alloc-unavailable -target-cpu swift -target-feature +soft-float-abi -target-abi apcs-gnu -mfloat-abi soft -fallow-half-arguments-and-returns -dwarf-column-info -debugger-tuning=lldb -target-linker-version 450.3 -v -coverage-notes-file /Users/jsh/dev/data_reporter/DataReporter/build/iOS/build/os/CMakeFiles/CMakeTmp/CMakeFiles/cmTC_54cfb.dir/CMakeCCompilerABI.c.gcno -resource-dir /Applications/Xcode.app/Contents/Developer/Toolchains/XcodeDefault.xctoolchain/usr/lib/clang/10.0.1 -isysroot /Applications/Xcode.app/Contents/Developer/Platforms/iPhoneOS.platform/Developer/SDKs/iPhoneOS12.4.sdk -Wno-atomic-implicit-seq-cst -Wno-framework-include-private-from-public -Wno-atimport-in-framework-header -Wno-quoted-include-in-framework-header -fdebug-compilation-dir /Users/jsh/dev/data_reporter/DataReporter/build/iOS/build/os/CMakeFiles/CMakeTmp -ferror-limit 19 -fmessage-length 0 -stack-protector 1 -fblocks -fencode-extended-block-signature -fregister-global-dtors-with-atexit -fobjc-runtime=ios-8.0.0 -fobjc-arc -fsjlj-exceptions -fmax-type-align=16 -fdiagnostics-show-option -o /var/folders/qf/0nbz75ws7pj6pg93zt52x07h0000gn/T/CMakeCCompilerABI-dad89d.bc -x c /Applications/CMake.app/Contents/share/cmake-3.15/Modules/CMakeCCompilerABI.c]
  ignore line: [clang -cc1 version 10.0.1 (clang-1001.0.46.4) default target x86_64-apple-darwin18.7.0]
  ignore line: [ignoring nonexistent directory "/Applications/Xcode.app/Contents/Developer/Platforms/iPhoneOS.platform/Developer/SDKs/iPhoneOS12.4.sdk/usr/local/include"]
  ignore line: [ignoring nonexistent directory "/Applications/Xcode.app/Contents/Developer/Platforms/iPhoneOS.platform/Developer/SDKs/iPhoneOS12.4.sdk/Library/Frameworks"]
  ignore line: [#include "..." search starts here:]
  ignore line: [#include <...> search starts here:]
  ignore line: [ /Applications/Xcode.app/Contents/Developer/Toolchains/XcodeDefault.xctoolchain/usr/lib/clang/10.0.1/include]
  ignore line: [ /Applications/Xcode.app/Contents/Developer/Toolchains/XcodeDefault.xctoolchain/usr/include]
  ignore line: [ /Applications/Xcode.app/Contents/Developer/Platforms/iPhoneOS.platform/Developer/SDKs/iPhoneOS12.4.sdk/usr/include]
  ignore line: [ /Applications/Xcode.app/Contents/Developer/Platforms/iPhoneOS.platform/Developer/SDKs/iPhoneOS12.4.sdk/System/Library/Frameworks (framework directory)]
  ignore line: [End of search list.]
  ignore line: [ "/Applications/Xcode.app/Contents/Developer/Toolchains/XcodeDefault.xctoolchain/usr/bin/clang" -cc1 -triple thumbv7s-apple-ios8.0.0 -emit-obj -fembed-bitcode=all -disable-llvm-passes -target-abi apcs-gnu -mfloat-abi soft -o /var/folders/qf/0nbz75ws7pj6pg93zt52x07h0000gn/T/CMakeCCompilerABI-ac4ff6.o -x ir /var/folders/qf/0nbz75ws7pj6pg93zt52x07h0000gn/T/CMakeCCompilerABI-dad89d.bc]
  ignore line: [ "/Applications/Xcode.app/Contents/Developer/Toolchains/XcodeDefault.xctoolchain/usr/bin/clang" -cc1 -triple arm64-apple-ios8.0.0 -Wdeprecated-objc-isa-usage -Werror=deprecated-objc-isa-usage -Werror=implicit-function-declaration -emit-llvm-bc -disable-free -disable-llvm-verifier -discard-value-names -main-file-name CMakeCCompilerABI.c -mrelocation-model pic -pic-level 2 -mthread-model posix -mdisable-fp-elim -fno-strict-return -masm-verbose -munwind-tables -faligned-alloc-unavailable -target-cpu cyclone -target-feature +fp-armv8 -target-feature +neon -target-feature +crypto -target-feature +zcm -target-feature +zcz -target-abi darwinpcs -fallow-half-arguments-and-returns -dwarf-column-info -debugger-tuning=lldb -target-linker-version 450.3 -v -coverage-notes-file /Users/jsh/dev/data_reporter/DataReporter/build/iOS/build/os/CMakeFiles/CMakeTmp/CMakeFiles/cmTC_54cfb.dir/CMakeCCompilerABI.c.gcno -resource-dir /Applications/Xcode.app/Contents/Developer/Toolchains/XcodeDefault.xctoolchain/usr/lib/clang/10.0.1 -isysroot /Applications/Xcode.app/Contents/Developer/Platforms/iPhoneOS.platform/Developer/SDKs/iPhoneOS12.4.sdk -Wno-atomic-implicit-seq-cst -Wno-framework-include-private-from-public -Wno-atimport-in-framework-header -Wno-quoted-include-in-framework-header -fdebug-compilation-dir /Users/jsh/dev/data_reporter/DataReporter/build/iOS/build/os/CMakeFiles/CMakeTmp -ferror-limit 19 -fmessage-length 0 -stack-protector 1 -fblocks -fencode-extended-block-signature -fregister-global-dtors-with-atexit -fobjc-runtime=ios-8.0.0 -fobjc-arc -fmax-type-align=16 -fdiagnostics-show-option -o /var/folders/qf/0nbz75ws7pj6pg93zt52x07h0000gn/T/CMakeCCompilerABI-b3b8a3.bc -x c /Applications/CMake.app/Contents/share/cmake-3.15/Modules/CMakeCCompilerABI.c]
  ignore line: [clang -cc1 version 10.0.1 (clang-1001.0.46.4) default target x86_64-apple-darwin18.7.0]
  ignore line: [ignoring nonexistent directory "/Applications/Xcode.app/Contents/Developer/Platforms/iPhoneOS.platform/Developer/SDKs/iPhoneOS12.4.sdk/usr/local/include"]
  ignore line: [ignoring nonexistent directory "/Applications/Xcode.app/Contents/Developer/Platforms/iPhoneOS.platform/Developer/SDKs/iPhoneOS12.4.sdk/Library/Frameworks"]
  ignore line: [#include "..." search starts here:]
  ignore line: [#include <...> search starts here:]
  ignore line: [ /Applications/Xcode.app/Contents/Developer/Toolchains/XcodeDefault.xctoolchain/usr/lib/clang/10.0.1/include]
  ignore line: [ /Applications/Xcode.app/Contents/Developer/Toolchains/XcodeDefault.xctoolchain/usr/include]
  ignore line: [ /Applications/Xcode.app/Contents/Developer/Platforms/iPhoneOS.platform/Developer/SDKs/iPhoneOS12.4.sdk/usr/include]
  ignore line: [ /Applications/Xcode.app/Contents/Developer/Platforms/iPhoneOS.platform/Developer/SDKs/iPhoneOS12.4.sdk/System/Library/Frameworks (framework directory)]
  ignore line: [End of search list.]
  ignore line: [ "/Applications/Xcode.app/Contents/Developer/Toolchains/XcodeDefault.xctoolchain/usr/bin/clang" -cc1 -triple arm64-apple-ios8.0.0 -Wdeprecated-objc-isa-usage -Werror=deprecated-objc-isa-usage -Werror=implicit-function-declaration -emit-obj -fembed-bitcode=all -disable-llvm-passes -target-abi darwinpcs -o /var/folders/qf/0nbz75ws7pj6pg93zt52x07h0000gn/T/CMakeCCompilerABI-ffbcc2.o -x ir /var/folders/qf/0nbz75ws7pj6pg93zt52x07h0000gn/T/CMakeCCompilerABI-b3b8a3.bc]
  ignore line: [ "/Applications/Xcode.app/Contents/Developer/Toolchains/XcodeDefault.xctoolchain/usr/bin/clang" -cc1 -triple arm64e-apple-ios8.0.0 -Wdeprecated-objc-isa-usage -Werror=deprecated-objc-isa-usage -Werror=implicit-function-declaration -emit-llvm-bc -disable-free -disable-llvm-verifier -discard-value-names -main-file-name CMakeCCompilerABI.c -mrelocation-model pic -pic-level 2 -mthread-model posix -mdisable-fp-elim -fno-strict-return -masm-verbose -munwind-tables -faligned-alloc-unavailable -target-cpu vortex -target-feature +v8.3a -target-feature +fp-armv8 -target-feature +neon -target-feature +crc -target-feature +crypto -target-feature +ras -target-feature +lse -target-feature +rdm -target-feature +rcpc -target-feature +zcm -target-feature +zcz -target-abi darwinpcs -fptrauth-returns -fptrauth-intrinsics -fptrauth-calls -fallow-half-arguments-and-returns -dwarf-column-info -debugger-tuning=lldb -target-linker-version 450.3 -v -coverage-notes-file /Users/jsh/dev/data_reporter/DataReporter/build/iOS/build/os/CMakeFiles/CMakeTmp/CMakeFiles/cmTC_54cfb.dir/CMakeCCompilerABI.c.gcno -resource-dir /Applications/Xcode.app/Contents/Developer/Toolchains/XcodeDefault.xctoolchain/usr/lib/clang/10.0.1 -isysroot /Applications/Xcode.app/Contents/Developer/Platforms/iPhoneOS.platform/Developer/SDKs/iPhoneOS12.4.sdk -Wno-atomic-implicit-seq-cst -Wno-framework-include-private-from-public -Wno-atimport-in-framework-header -Wno-quoted-include-in-framework-header -fdebug-compilation-dir /Users/jsh/dev/data_reporter/DataReporter/build/iOS/build/os/CMakeFiles/CMakeTmp -ferror-limit 19 -fmessage-length 0 -stack-protector 1 -fblocks -fencode-extended-block-signature -fregister-global-dtors-with-atexit -fobjc-runtime=ios-8.0.0 -fobjc-arc -fmax-type-align=16 -fdiagnostics-show-option -o /var/folders/qf/0nbz75ws7pj6pg93zt52x07h0000gn/T/CMakeCCompilerABI-d0b1a0.bc -x c /Applications/CMake.app/Contents/share/cmake-3.15/Modules/CMakeCCompilerABI.c]
  ignore line: [clang -cc1 version 10.0.1 (clang-1001.0.46.4) default target x86_64-apple-darwin18.7.0]
  ignore line: [ignoring nonexistent directory "/Applications/Xcode.app/Contents/Developer/Platforms/iPhoneOS.platform/Developer/SDKs/iPhoneOS12.4.sdk/usr/local/include"]
  ignore line: [ignoring nonexistent directory "/Applications/Xcode.app/Contents/Developer/Platforms/iPhoneOS.platform/Developer/SDKs/iPhoneOS12.4.sdk/Library/Frameworks"]
  ignore line: [#include "..." search starts here:]
  ignore line: [#include <...> search starts here:]
  ignore line: [ /Applications/Xcode.app/Contents/Developer/Toolchains/XcodeDefault.xctoolchain/usr/lib/clang/10.0.1/include]
  ignore line: [ /Applications/Xcode.app/Contents/Developer/Toolchains/XcodeDefault.xctoolchain/usr/include]
  ignore line: [ /Applications/Xcode.app/Contents/Developer/Platforms/iPhoneOS.platform/Developer/SDKs/iPhoneOS12.4.sdk/usr/include]
  ignore line: [ /Applications/Xcode.app/Contents/Developer/Platforms/iPhoneOS.platform/Developer/SDKs/iPhoneOS12.4.sdk/System/Library/Frameworks (framework directory)]
  ignore line: [End of search list.]
  ignore line: [ "/Applications/Xcode.app/Contents/Developer/Toolchains/XcodeDefault.xctoolchain/usr/bin/clang" -cc1 -triple arm64e-apple-ios8.0.0 -Wdeprecated-objc-isa-usage -Werror=deprecated-objc-isa-usage -Werror=implicit-function-declaration -emit-obj -fembed-bitcode=all -disable-llvm-passes -target-abi darwinpcs -o /var/folders/qf/0nbz75ws7pj6pg93zt52x07h0000gn/T/CMakeCCompilerABI-159c4a.o -x ir /var/folders/qf/0nbz75ws7pj6pg93zt52x07h0000gn/T/CMakeCCompilerABI-d0b1a0.bc]
  ignore line: [ "/Applications/Xcode.app/Contents/Developer/Toolchains/XcodeDefault.xctoolchain/usr/bin/lipo" -create -output CMakeFiles/cmTC_54cfb.dir/CMakeCCompilerABI.c.o /var/folders/qf/0nbz75ws7pj6pg93zt52x07h0000gn/T/CMakeCCompilerABI-f55e84.o /var/folders/qf/0nbz75ws7pj6pg93zt52x07h0000gn/T/CMakeCCompilerABI-ac4ff6.o /var/folders/qf/0nbz75ws7pj6pg93zt52x07h0000gn/T/CMakeCCompilerABI-ffbcc2.o /var/folders/qf/0nbz75ws7pj6pg93zt52x07h0000gn/T/CMakeCCompilerABI-159c4a.o]
  ignore line: [Linking C static library libcmTC_54cfb.a]
  ignore line: [/Applications/CMake.app/Contents/bin/cmake -P CMakeFiles/cmTC_54cfb.dir/cmake_clean_target.cmake]
  ignore line: [/Applications/CMake.app/Contents/bin/cmake -E cmake_link_script CMakeFiles/cmTC_54cfb.dir/link.txt --verbose=1]
  ignore line: [/Applications/Xcode.app/Contents/Developer/Toolchains/XcodeDefault.xctoolchain/usr/bin/libtool -static -o libcmTC_54cfb.a  CMakeFiles/cmTC_54cfb.dir/CMakeCCompilerABI.c.o ]
  ignore line: []
  ignore line: []
  implicit libs: []
  implicit dirs: []
  implicit fwks: []


Determining if the CXX compiler works passed with the following output:
Change Dir: /Users/jsh/dev/data_reporter/DataReporter/build/iOS/build/os/CMakeFiles/CMakeTmp

Run Build Command(s):/Applications/Xcode.app/Contents/Developer/usr/bin/make cmTC_4492c/fast && /Applications/Xcode.app/Contents/Developer/usr/bin/make -f CMakeFiles/cmTC_4492c.dir/build.make CMakeFiles/cmTC_4492c.dir/build
Building CXX object CMakeFiles/cmTC_4492c.dir/testCXXCompiler.cxx.o
/Applications/Xcode.app/Contents/Developer/Toolchains/XcodeDefault.xctoolchain/usr/bin/clang++    -miphoneos-version-min=8.0 -fembed-bitcode -fvisibility=hidden -fvisibility-inlines-hidden -fobjc-abi-version=2 -fobjc-arc -miphoneos-version-min=8.0 -fembed-bitcode -fvisibility=hidden -fvisibility-inlines-hidden -fobjc-abi-version=2 -fobjc-arc   -arch armv7 -arch armv7s -arch arm64 -arch arm64e -isysroot /Applications/Xcode.app/Contents/Developer/Platforms/iPhoneOS.platform/Developer/SDKs/iPhoneOS12.4.sdk   -o CMakeFiles/cmTC_4492c.dir/testCXXCompiler.cxx.o -c /Users/jsh/dev/data_reporter/DataReporter/build/iOS/build/os/CMakeFiles/CMakeTmp/testCXXCompiler.cxx
Linking CXX static library libcmTC_4492c.a
/Applications/CMake.app/Contents/bin/cmake -P CMakeFiles/cmTC_4492c.dir/cmake_clean_target.cmake
/Applications/CMake.app/Contents/bin/cmake -E cmake_link_script CMakeFiles/cmTC_4492c.dir/link.txt --verbose=1
/Applications/Xcode.app/Contents/Developer/Toolchains/XcodeDefault.xctoolchain/usr/bin/libtool -static -o libcmTC_4492c.a  CMakeFiles/cmTC_4492c.dir/testCXXCompiler.cxx.o 



Detecting CXX compiler ABI info compiled with the following output:
Change Dir: /Users/jsh/dev/data_reporter/DataReporter/build/iOS/build/os/CMakeFiles/CMakeTmp

Run Build Command(s):/Applications/Xcode.app/Contents/Developer/usr/bin/make cmTC_71790/fast && /Applications/Xcode.app/Contents/Developer/usr/bin/make -f CMakeFiles/cmTC_71790.dir/build.make CMakeFiles/cmTC_71790.dir/build
Building CXX object CMakeFiles/cmTC_71790.dir/CMakeCXXCompilerABI.cpp.o
/Applications/Xcode.app/Contents/Developer/Toolchains/XcodeDefault.xctoolchain/usr/bin/clang++    -miphoneos-version-min=8.0 -fembed-bitcode -fvisibility=hidden -fvisibility-inlines-hidden -fobjc-abi-version=2 -fobjc-arc -miphoneos-version-min=8.0 -fembed-bitcode -fvisibility=hidden -fvisibility-inlines-hidden -fobjc-abi-version=2 -fobjc-arc   -arch armv7 -arch armv7s -arch arm64 -arch arm64e -isysroot /Applications/Xcode.app/Contents/Developer/Platforms/iPhoneOS.platform/Developer/SDKs/iPhoneOS12.4.sdk   -v -Wl,-v -o CMakeFiles/cmTC_71790.dir/CMakeCXXCompilerABI.cpp.o -c /Applications/CMake.app/Contents/share/cmake-3.15/Modules/CMakeCXXCompilerABI.cpp
Apple LLVM version 10.0.1 (clang-1001.0.46.4)
Target: arm64e-apple-darwin18.7.0
Thread model: posix
InstalledDir: /Applications/Xcode.app/Contents/Developer/Toolchains/XcodeDefault.xctoolchain/usr/bin
clang: warning: -Wl,-v: 'linker' input unused [-Wunused-command-line-argument]
 "/Applications/Xcode.app/Contents/Developer/Toolchains/XcodeDefault.xctoolchain/usr/bin/clang" -cc1 -triple thumbv7-apple-ios8.0.0 -emit-llvm-bc -disable-free -disable-llvm-verifier -discard-value-names -main-file-name CMakeCXXCompilerABI.cpp -mrelocation-model pic -pic-level 2 -mthread-model posix -mdisable-fp-elim -fno-strict-return -masm-verbose -faligned-alloc-unavailable -target-cpu generic -target-feature +soft-float-abi -target-abi apcs-gnu -mfloat-abi soft -fallow-half-arguments-and-returns -dwarf-column-info -debugger-tuning=lldb -target-linker-version 450.3 -v -coverage-notes-file /Users/jsh/dev/data_reporter/DataReporter/build/iOS/build/os/CMakeFiles/CMakeTmp/CMakeFiles/cmTC_71790.dir/CMakeCXXCompilerABI.cpp.gcno -resource-dir /Applications/Xcode.app/Contents/Developer/Toolchains/XcodeDefault.xctoolchain/usr/lib/clang/10.0.1 -isysroot /Applications/Xcode.app/Contents/Developer/Platforms/iPhoneOS.platform/Developer/SDKs/iPhoneOS12.4.sdk -stdlib=libc++ -Wno-atomic-implicit-seq-cst -Wno-framework-include-private-from-public -Wno-atimport-in-framework-header -Wno-quoted-include-in-framework-header -fdeprecated-macro -fdebug-compilation-dir /Users/jsh/dev/data_reporter/DataReporter/build/iOS/build/os/CMakeFiles/CMakeTmp -ferror-limit 19 -fmessage-length 0 -fvisibility hidden -fvisibility-inlines-hidden -stack-protector 1 -fblocks -fencode-extended-block-signature -fregister-global-dtors-with-atexit -fobjc-runtime=ios-8.0.0 -fobjc-arc -fobjc-arc-exceptions -fcxx-exceptions -fexceptions -fsjlj-exceptions -fmax-type-align=16 -fdiagnostics-show-option -o /var/folders/qf/0nbz75ws7pj6pg93zt52x07h0000gn/T/CMakeCXXCompilerABI-088229.bc -x c++ /Applications/CMake.app/Contents/share/cmake-3.15/Modules/CMakeCXXCompilerABI.cpp
clang -cc1 version 10.0.1 (clang-1001.0.46.4) default target x86_64-apple-darwin18.7.0
ignoring nonexistent directory "/Applications/Xcode.app/Contents/Developer/Platforms/iPhoneOS.platform/Developer/SDKs/iPhoneOS12.4.sdk/usr/include/c++/v1"
ignoring nonexistent directory "/Applications/Xcode.app/Contents/Developer/Platforms/iPhoneOS.platform/Developer/SDKs/iPhoneOS12.4.sdk/usr/local/include"
ignoring nonexistent directory "/Applications/Xcode.app/Contents/Developer/Platforms/iPhoneOS.platform/Developer/SDKs/iPhoneOS12.4.sdk/Library/Frameworks"
#include "..." search starts here:
#include <...> search starts here:
 /Applications/Xcode.app/Contents/Developer/Toolchains/XcodeDefault.xctoolchain/usr/include/c++/v1
 /Applications/Xcode.app/Contents/Developer/Toolchains/XcodeDefault.xctoolchain/usr/lib/clang/10.0.1/include
 /Applications/Xcode.app/Contents/Developer/Toolchains/XcodeDefault.xctoolchain/usr/include
 /Applications/Xcode.app/Contents/Developer/Platforms/iPhoneOS.platform/Developer/SDKs/iPhoneOS12.4.sdk/usr/include
 /Applications/Xcode.app/Contents/Developer/Platforms/iPhoneOS.platform/Developer/SDKs/iPhoneOS12.4.sdk/System/Library/Frameworks (framework directory)
End of search list.
 "/Applications/Xcode.app/Contents/Developer/Toolchains/XcodeDefault.xctoolchain/usr/bin/clang" -cc1 -triple thumbv7-apple-ios8.0.0 -emit-obj -fembed-bitcode=all -disable-llvm-passes -target-abi apcs-gnu -mfloat-abi soft -o /var/folders/qf/0nbz75ws7pj6pg93zt52x07h0000gn/T/CMakeCXXCompilerABI-9efb27.o -x ir /var/folders/qf/0nbz75ws7pj6pg93zt52x07h0000gn/T/CMakeCXXCompilerABI-088229.bc
 "/Applications/Xcode.app/Contents/Developer/Toolchains/XcodeDefault.xctoolchain/usr/bin/clang" -cc1 -triple thumbv7s-apple-ios8.0.0 -emit-llvm-bc -disable-free -disable-llvm-verifier -discard-value-names -main-file-name CMakeCXXCompilerABI.cpp -mrelocation-model pic -pic-level 2 -mthread-model posix -mdisable-fp-elim -fno-strict-return -masm-verbose -faligned-alloc-unavailable -target-cpu swift -target-feature +soft-float-abi -target-abi apcs-gnu -mfloat-abi soft -fallow-half-arguments-and-returns -dwarf-column-info -debugger-tuning=lldb -target-linker-version 450.3 -v -coverage-notes-file /Users/jsh/dev/data_reporter/DataReporter/build/iOS/build/os/CMakeFiles/CMakeTmp/CMakeFiles/cmTC_71790.dir/CMakeCXXCompilerABI.cpp.gcno -resource-dir /Applications/Xcode.app/Contents/Developer/Toolchains/XcodeDefault.xctoolchain/usr/lib/clang/10.0.1 -isysroot /Applications/Xcode.app/Contents/Developer/Platforms/iPhoneOS.platform/Developer/SDKs/iPhoneOS12.4.sdk -stdlib=libc++ -Wno-atomic-implicit-seq-cst -Wno-framework-include-private-from-public -Wno-atimport-in-framework-header -Wno-quoted-include-in-framework-header -fdeprecated-macro -fdebug-compilation-dir /Users/jsh/dev/data_reporter/DataReporter/build/iOS/build/os/CMakeFiles/CMakeTmp -ferror-limit 19 -fmessage-length 0 -fvisibility hidden -fvisibility-inlines-hidden -stack-protector 1 -fblocks -fencode-extended-block-signature -fregister-global-dtors-with-atexit -fobjc-runtime=ios-8.0.0 -fobjc-arc -fobjc-arc-exceptions -fcxx-exceptions -fexceptions -fsjlj-exceptions -fmax-type-align=16 -fdiagnostics-show-option -o /var/folders/qf/0nbz75ws7pj6pg93zt52x07h0000gn/T/CMakeCXXCompilerABI-441e96.bc -x c++ /Applications/CMake.app/Contents/share/cmake-3.15/Modules/CMakeCXXCompilerABI.cpp
clang -cc1 version 10.0.1 (clang-1001.0.46.4) default target x86_64-apple-darwin18.7.0
ignoring nonexistent directory "/Applications/Xcode.app/Contents/Developer/Platforms/iPhoneOS.platform/Developer/SDKs/iPhoneOS12.4.sdk/usr/include/c++/v1"
ignoring nonexistent directory "/Applications/Xcode.app/Contents/Developer/Platforms/iPhoneOS.platform/Developer/SDKs/iPhoneOS12.4.sdk/usr/local/include"
ignoring nonexistent directory "/Applications/Xcode.app/Contents/Developer/Platforms/iPhoneOS.platform/Developer/SDKs/iPhoneOS12.4.sdk/Library/Frameworks"
#include "..." search starts here:
#include <...> search starts here:
 /Applications/Xcode.app/Contents/Developer/Toolchains/XcodeDefault.xctoolchain/usr/include/c++/v1
 /Applications/Xcode.app/Contents/Developer/Toolchains/XcodeDefault.xctoolchain/usr/lib/clang/10.0.1/include
 /Applications/Xcode.app/Contents/Developer/Toolchains/XcodeDefault.xctoolchain/usr/include
 /Applications/Xcode.app/Contents/Developer/Platforms/iPhoneOS.platform/Developer/SDKs/iPhoneOS12.4.sdk/usr/include
 /Applications/Xcode.app/Contents/Developer/Platforms/iPhoneOS.platform/Developer/SDKs/iPhoneOS12.4.sdk/System/Library/Frameworks (framework directory)
End of search list.
 "/Applications/Xcode.app/Contents/Developer/Toolchains/XcodeDefault.xctoolchain/usr/bin/clang" -cc1 -triple thumbv7s-apple-ios8.0.0 -emit-obj -fembed-bitcode=all -disable-llvm-passes -target-abi apcs-gnu -mfloat-abi soft -o /var/folders/qf/0nbz75ws7pj6pg93zt52x07h0000gn/T/CMakeCXXCompilerABI-8e039e.o -x ir /var/folders/qf/0nbz75ws7pj6pg93zt52x07h0000gn/T/CMakeCXXCompilerABI-441e96.bc
 "/Applications/Xcode.app/Contents/Developer/Toolchains/XcodeDefault.xctoolchain/usr/bin/clang" -cc1 -triple arm64-apple-ios8.0.0 -Wdeprecated-objc-isa-usage -Werror=deprecated-objc-isa-usage -Werror=implicit-function-declaration -emit-llvm-bc -disable-free -disable-llvm-verifier -discard-value-names -main-file-name CMakeCXXCompilerABI.cpp -mrelocation-model pic -pic-level 2 -mthread-model posix -mdisable-fp-elim -fno-strict-return -masm-verbose -munwind-tables -faligned-alloc-unavailable -target-cpu cyclone -target-feature +fp-armv8 -target-feature +neon -target-feature +crypto -target-feature +zcm -target-feature +zcz -target-abi darwinpcs -fallow-half-arguments-and-returns -dwarf-column-info -debugger-tuning=lldb -target-linker-version 450.3 -v -coverage-notes-file /Users/jsh/dev/data_reporter/DataReporter/build/iOS/build/os/CMakeFiles/CMakeTmp/CMakeFiles/cmTC_71790.dir/CMakeCXXCompilerABI.cpp.gcno -resource-dir /Applications/Xcode.app/Contents/Developer/Toolchains/XcodeDefault.xctoolchain/usr/lib/clang/10.0.1 -isysroot /Applications/Xcode.app/Contents/Developer/Platforms/iPhoneOS.platform/Developer/SDKs/iPhoneOS12.4.sdk -stdlib=libc++ -Wno-atomic-implicit-seq-cst -Wno-framework-include-private-from-public -Wno-atimport-in-framework-header -Wno-quoted-include-in-framework-header -fdeprecated-macro -fdebug-compilation-dir /Users/jsh/dev/data_reporter/DataReporter/build/iOS/build/os/CMakeFiles/CMakeTmp -ferror-limit 19 -fmessage-length 0 -fvisibility hidden -fvisibility-inlines-hidden -stack-protector 1 -fblocks -fencode-extended-block-signature -fregister-global-dtors-with-atexit -fobjc-runtime=ios-8.0.0 -fobjc-arc -fobjc-arc-exceptions -fcxx-exceptions -fexceptions -fmax-type-align=16 -fdiagnostics-show-option -o /var/folders/qf/0nbz75ws7pj6pg93zt52x07h0000gn/T/CMakeCXXCompilerABI-ddff26.bc -x c++ /Applications/CMake.app/Contents/share/cmake-3.15/Modules/CMakeCXXCompilerABI.cpp
clang -cc1 version 10.0.1 (clang-1001.0.46.4) default target x86_64-apple-darwin18.7.0
ignoring nonexistent directory "/Applications/Xcode.app/Contents/Developer/Platforms/iPhoneOS.platform/Developer/SDKs/iPhoneOS12.4.sdk/usr/include/c++/v1"
ignoring nonexistent directory "/Applications/Xcode.app/Contents/Developer/Platforms/iPhoneOS.platform/Developer/SDKs/iPhoneOS12.4.sdk/usr/local/include"
ignoring nonexistent directory "/Applications/Xcode.app/Contents/Developer/Platforms/iPhoneOS.platform/Developer/SDKs/iPhoneOS12.4.sdk/Library/Frameworks"
#include "..." search starts here:
#include <...> search starts here:
 /Applications/Xcode.app/Contents/Developer/Toolchains/XcodeDefault.xctoolchain/usr/include/c++/v1
 /Applications/Xcode.app/Contents/Developer/Toolchains/XcodeDefault.xctoolchain/usr/lib/clang/10.0.1/include
 /Applications/Xcode.app/Contents/Developer/Toolchains/XcodeDefault.xctoolchain/usr/include
 /Applications/Xcode.app/Contents/Developer/Platforms/iPhoneOS.platform/Developer/SDKs/iPhoneOS12.4.sdk/usr/include
 /Applications/Xcode.app/Contents/Developer/Platforms/iPhoneOS.platform/Developer/SDKs/iPhoneOS12.4.sdk/System/Library/Frameworks (framework directory)
End of search list.
 "/Applications/Xcode.app/Contents/Developer/Toolchains/XcodeDefault.xctoolchain/usr/bin/clang" -cc1 -triple arm64-apple-ios8.0.0 -Wdeprecated-objc-isa-usage -Werror=deprecated-objc-isa-usage -Werror=implicit-function-declaration -emit-obj -fembed-bitcode=all -disable-llvm-passes -target-abi darwinpcs -o /var/folders/qf/0nbz75ws7pj6pg93zt52x07h0000gn/T/CMakeCXXCompilerABI-8e60dd.o -x ir /var/folders/qf/0nbz75ws7pj6pg93zt52x07h0000gn/T/CMakeCXXCompilerABI-ddff26.bc
 "/Applications/Xcode.app/Contents/Developer/Toolchains/XcodeDefault.xctoolchain/usr/bin/clang" -cc1 -triple arm64e-apple-ios8.0.0 -Wdeprecated-objc-isa-usage -Werror=deprecated-objc-isa-usage -Werror=implicit-function-declaration -emit-llvm-bc -disable-free -disable-llvm-verifier -discard-value-names -main-file-name CMakeCXXCompilerABI.cpp -mrelocation-model pic -pic-level 2 -mthread-model posix -mdisable-fp-elim -fno-strict-return -masm-verbose -munwind-tables -faligned-alloc-unavailable -target-cpu vortex -target-feature +v8.3a -target-feature +fp-armv8 -target-feature +neon -target-feature +crc -target-feature +crypto -target-feature +ras -target-feature +lse -target-feature +rdm -target-feature +rcpc -target-feature +zcm -target-feature +zcz -target-abi darwinpcs -fptrauth-returns -fptrauth-intrinsics -fptrauth-calls -fallow-half-arguments-and-returns -dwarf-column-info -debugger-tuning=lldb -target-linker-version 450.3 -v -coverage-notes-file /Users/jsh/dev/data_reporter/DataReporter/build/iOS/build/os/CMakeFiles/CMakeTmp/CMakeFiles/cmTC_71790.dir/CMakeCXXCompilerABI.cpp.gcno -resource-dir /Applications/Xcode.app/Contents/Developer/Toolchains/XcodeDefault.xctoolchain/usr/lib/clang/10.0.1 -isysroot /Applications/Xcode.app/Contents/Developer/Platforms/iPhoneOS.platform/Developer/SDKs/iPhoneOS12.4.sdk -stdlib=libc++ -Wno-atomic-implicit-seq-cst -Wno-framework-include-private-from-public -Wno-atimport-in-framework-header -Wno-quoted-include-in-framework-header -fdeprecated-macro -fdebug-compilation-dir /Users/jsh/dev/data_reporter/DataReporter/build/iOS/build/os/CMakeFiles/CMakeTmp -ferror-limit 19 -fmessage-length 0 -fvisibility hidden -fvisibility-inlines-hidden -stack-protector 1 -fblocks -fencode-extended-block-signature -fregister-global-dtors-with-atexit -fobjc-runtime=ios-8.0.0 -fobjc-arc -fobjc-arc-exceptions -fcxx-exceptions -fexceptions -fmax-type-align=16 -fdiagnostics-show-option -o /var/folders/qf/0nbz75ws7pj6pg93zt52x07h0000gn/T/CMakeCXXCompilerABI-3e9d99.bc -x c++ /Applications/CMake.app/Contents/share/cmake-3.15/Modules/CMakeCXXCompilerABI.cpp
clang -cc1 version 10.0.1 (clang-1001.0.46.4) default target x86_64-apple-darwin18.7.0
ignoring nonexistent directory "/Applications/Xcode.app/Contents/Developer/Platforms/iPhoneOS.platform/Developer/SDKs/iPhoneOS12.4.sdk/usr/include/c++/v1"
ignoring nonexistent directory "/Applications/Xcode.app/Contents/Developer/Platforms/iPhoneOS.platform/Developer/SDKs/iPhoneOS12.4.sdk/usr/local/include"
ignoring nonexistent directory "/Applications/Xcode.app/Contents/Developer/Platforms/iPhoneOS.platform/Developer/SDKs/iPhoneOS12.4.sdk/Library/Frameworks"
#include "..." search starts here:
#include <...> search starts here:
 /Applications/Xcode.app/Contents/Developer/Toolchains/XcodeDefault.xctoolchain/usr/include/c++/v1
 /Applications/Xcode.app/Contents/Developer/Toolchains/XcodeDefault.xctoolchain/usr/lib/clang/10.0.1/include
 /Applications/Xcode.app/Contents/Developer/Toolchains/XcodeDefault.xctoolchain/usr/include
 /Applications/Xcode.app/Contents/Developer/Platforms/iPhoneOS.platform/Developer/SDKs/iPhoneOS12.4.sdk/usr/include
 /Applications/Xcode.app/Contents/Developer/Platforms/iPhoneOS.platform/Developer/SDKs/iPhoneOS12.4.sdk/System/Library/Frameworks (framework directory)
End of search list.
 "/Applications/Xcode.app/Contents/Developer/Toolchains/XcodeDefault.xctoolchain/usr/bin/clang" -cc1 -triple arm64e-apple-ios8.0.0 -Wdeprecated-objc-isa-usage -Werror=deprecated-objc-isa-usage -Werror=implicit-function-declaration -emit-obj -fembed-bitcode=all -disable-llvm-passes -target-abi darwinpcs -o /var/folders/qf/0nbz75ws7pj6pg93zt52x07h0000gn/T/CMakeCXXCompilerABI-450315.o -x ir /var/folders/qf/0nbz75ws7pj6pg93zt52x07h0000gn/T/CMakeCXXCompilerABI-3e9d99.bc
 "/Applications/Xcode.app/Contents/Developer/Toolchains/XcodeDefault.xctoolchain/usr/bin/lipo" -create -output CMakeFiles/cmTC_71790.dir/CMakeCXXCompilerABI.cpp.o /var/folders/qf/0nbz75ws7pj6pg93zt52x07h0000gn/T/CMakeCXXCompilerABI-9efb27.o /var/folders/qf/0nbz75ws7pj6pg93zt52x07h0000gn/T/CMakeCXXCompilerABI-8e039e.o /var/folders/qf/0nbz75ws7pj6pg93zt52x07h0000gn/T/CMakeCXXCompilerABI-8e60dd.o /var/folders/qf/0nbz75ws7pj6pg93zt52x07h0000gn/T/CMakeCXXCompilerABI-450315.o
Linking CXX static library libcmTC_71790.a
/Applications/CMake.app/Contents/bin/cmake -P CMakeFiles/cmTC_71790.dir/cmake_clean_target.cmake
/Applications/CMake.app/Contents/bin/cmake -E cmake_link_script CMakeFiles/cmTC_71790.dir/link.txt --verbose=1
/Applications/Xcode.app/Contents/Developer/Toolchains/XcodeDefault.xctoolchain/usr/bin/libtool -static -o libcmTC_71790.a  CMakeFiles/cmTC_71790.dir/CMakeCXXCompilerABI.cpp.o 



Parsed CXX implicit include dir info from above output: rv=done
  found start of include info
  found start of implicit include info
    add: [/Applications/Xcode.app/Contents/Developer/Toolchains/XcodeDefault.xctoolchain/usr/include/c++/v1]
    add: [/Applications/Xcode.app/Contents/Developer/Toolchains/XcodeDefault.xctoolchain/usr/lib/clang/10.0.1/include]
    add: [/Applications/Xcode.app/Contents/Developer/Toolchains/XcodeDefault.xctoolchain/usr/include]
    add: [/Applications/Xcode.app/Contents/Developer/Platforms/iPhoneOS.platform/Developer/SDKs/iPhoneOS12.4.sdk/usr/include]
  end of search list found
  collapse include dir [/Applications/Xcode.app/Contents/Developer/Toolchains/XcodeDefault.xctoolchain/usr/include/c++/v1] ==> [/Applications/Xcode.app/Contents/Developer/Toolchains/XcodeDefault.xctoolchain/usr/include/c++/v1]
  collapse include dir [/Applications/Xcode.app/Contents/Developer/Toolchains/XcodeDefault.xctoolchain/usr/lib/clang/10.0.1/include] ==> [/Applications/Xcode.app/Contents/Developer/Toolchains/XcodeDefault.xctoolchain/usr/lib/clang/10.0.1/include]
  collapse include dir [/Applications/Xcode.app/Contents/Developer/Toolchains/XcodeDefault.xctoolchain/usr/include] ==> [/Applications/Xcode.app/Contents/Developer/Toolchains/XcodeDefault.xctoolchain/usr/include]
  collapse include dir [/Applications/Xcode.app/Contents/Developer/Platforms/iPhoneOS.platform/Developer/SDKs/iPhoneOS12.4.sdk/usr/include] ==> [/Applications/Xcode.app/Contents/Developer/Platforms/iPhoneOS.platform/Developer/SDKs/iPhoneOS12.4.sdk/usr/include]
  implicit include dirs: [/Applications/Xcode.app/Contents/Developer/Toolchains/XcodeDefault.xctoolchain/usr/include/c++/v1;/Applications/Xcode.app/Contents/Developer/Toolchains/XcodeDefault.xctoolchain/usr/lib/clang/10.0.1/include;/Applications/Xcode.app/Contents/Developer/Toolchains/XcodeDefault.xctoolchain/usr/include;/Applications/Xcode.app/Contents/Developer/Platforms/iPhoneOS.platform/Developer/SDKs/iPhoneOS12.4.sdk/usr/include]


Parsed CXX implicit link information from above output:
  link line regex: [^( *|.*[/\])(CMAKE_LINKER-NOTFOUND|CMAKE_LINK_STARTFILE-NOTFOUND|([^/\]+-)?ld|collect2)[^/\]*( |$)]
  ignore line: [Change Dir: /Users/jsh/dev/data_reporter/DataReporter/build/iOS/build/os/CMakeFiles/CMakeTmp]
  ignore line: []
  ignore line: [Run Build Command(s):/Applications/Xcode.app/Contents/Developer/usr/bin/make cmTC_71790/fast && /Applications/Xcode.app/Contents/Developer/usr/bin/make -f CMakeFiles/cmTC_71790.dir/build.make CMakeFiles/cmTC_71790.dir/build]
  ignore line: [Building CXX object CMakeFiles/cmTC_71790.dir/CMakeCXXCompilerABI.cpp.o]
  ignore line: [/Applications/Xcode.app/Contents/Developer/Toolchains/XcodeDefault.xctoolchain/usr/bin/clang++    -miphoneos-version-min=8.0 -fembed-bitcode -fvisibility=hidden -fvisibility-inlines-hidden -fobjc-abi-version=2 -fobjc-arc -miphoneos-version-min=8.0 -fembed-bitcode -fvisibility=hidden -fvisibility-inlines-hidden -fobjc-abi-version=2 -fobjc-arc   -arch armv7 -arch armv7s -arch arm64 -arch arm64e -isysroot /Applications/Xcode.app/Contents/Developer/Platforms/iPhoneOS.platform/Developer/SDKs/iPhoneOS12.4.sdk   -v -Wl,-v -o CMakeFiles/cmTC_71790.dir/CMakeCXXCompilerABI.cpp.o -c /Applications/CMake.app/Contents/share/cmake-3.15/Modules/CMakeCXXCompilerABI.cpp]
  ignore line: [Apple LLVM version 10.0.1 (clang-1001.0.46.4)]
  ignore line: [Target: arm64e-apple-darwin18.7.0]
  ignore line: [Thread model: posix]
  ignore line: [InstalledDir: /Applications/Xcode.app/Contents/Developer/Toolchains/XcodeDefault.xctoolchain/usr/bin]
  ignore line: [clang: warning: -Wl,-v: 'linker' input unused [-Wunused-command-line-argument]]
  ignore line: [ "/Applications/Xcode.app/Contents/Developer/Toolchains/XcodeDefault.xctoolchain/usr/bin/clang" -cc1 -triple thumbv7-apple-ios8.0.0 -emit-llvm-bc -disable-free -disable-llvm-verifier -discard-value-names -main-file-name CMakeCXXCompilerABI.cpp -mrelocation-model pic -pic-level 2 -mthread-model posix -mdisable-fp-elim -fno-strict-return -masm-verbose -faligned-alloc-unavailable -target-cpu generic -target-feature +soft-float-abi -target-abi apcs-gnu -mfloat-abi soft -fallow-half-arguments-and-returns -dwarf-column-info -debugger-tuning=lldb -target-linker-version 450.3 -v -coverage-notes-file /Users/jsh/dev/data_reporter/DataReporter/build/iOS/build/os/CMakeFiles/CMakeTmp/CMakeFiles/cmTC_71790.dir/CMakeCXXCompilerABI.cpp.gcno -resource-dir /Applications/Xcode.app/Contents/Developer/Toolchains/XcodeDefault.xctoolchain/usr/lib/clang/10.0.1 -isysroot /Applications/Xcode.app/Contents/Developer/Platforms/iPhoneOS.platform/Developer/SDKs/iPhoneOS12.4.sdk -stdlib=libc++ -Wno-atomic-implicit-seq-cst -Wno-framework-include-private-from-public -Wno-atimport-in-framework-header -Wno-quoted-include-in-framework-header -fdeprecated-macro -fdebug-compilation-dir /Users/jsh/dev/data_reporter/DataReporter/build/iOS/build/os/CMakeFiles/CMakeTmp -ferror-limit 19 -fmessage-length 0 -fvisibility hidden -fvisibility-inlines-hidden -stack-protector 1 -fblocks -fencode-extended-block-signature -fregister-global-dtors-with-atexit -fobjc-runtime=ios-8.0.0 -fobjc-arc -fobjc-arc-exceptions -fcxx-exceptions -fexceptions -fsjlj-exceptions -fmax-type-align=16 -fdiagnostics-show-option -o /var/folders/qf/0nbz75ws7pj6pg93zt52x07h0000gn/T/CMakeCXXCompilerABI-088229.bc -x c++ /Applications/CMake.app/Contents/share/cmake-3.15/Modules/CMakeCXXCompilerABI.cpp]
  ignore line: [clang -cc1 version 10.0.1 (clang-1001.0.46.4) default target x86_64-apple-darwin18.7.0]
  ignore line: [ignoring nonexistent directory "/Applications/Xcode.app/Contents/Developer/Platforms/iPhoneOS.platform/Developer/SDKs/iPhoneOS12.4.sdk/usr/include/c++/v1"]
  ignore line: [ignoring nonexistent directory "/Applications/Xcode.app/Contents/Developer/Platforms/iPhoneOS.platform/Developer/SDKs/iPhoneOS12.4.sdk/usr/local/include"]
  ignore line: [ignoring nonexistent directory "/Applications/Xcode.app/Contents/Developer/Platforms/iPhoneOS.platform/Developer/SDKs/iPhoneOS12.4.sdk/Library/Frameworks"]
  ignore line: [#include "..." search starts here:]
  ignore line: [#include <...> search starts here:]
  ignore line: [ /Applications/Xcode.app/Contents/Developer/Toolchains/XcodeDefault.xctoolchain/usr/include/c++/v1]
  ignore line: [ /Applications/Xcode.app/Contents/Developer/Toolchains/XcodeDefault.xctoolchain/usr/lib/clang/10.0.1/include]
  ignore line: [ /Applications/Xcode.app/Contents/Developer/Toolchains/XcodeDefault.xctoolchain/usr/include]
  ignore line: [ /Applications/Xcode.app/Contents/Developer/Platforms/iPhoneOS.platform/Developer/SDKs/iPhoneOS12.4.sdk/usr/include]
  ignore line: [ /Applications/Xcode.app/Contents/Developer/Platforms/iPhoneOS.platform/Developer/SDKs/iPhoneOS12.4.sdk/System/Library/Frameworks (framework directory)]
  ignore line: [End of search list.]
  ignore line: [ "/Applications/Xcode.app/Contents/Developer/Toolchains/XcodeDefault.xctoolchain/usr/bin/clang" -cc1 -triple thumbv7-apple-ios8.0.0 -emit-obj -fembed-bitcode=all -disable-llvm-passes -target-abi apcs-gnu -mfloat-abi soft -o /var/folders/qf/0nbz75ws7pj6pg93zt52x07h0000gn/T/CMakeCXXCompilerABI-9efb27.o -x ir /var/folders/qf/0nbz75ws7pj6pg93zt52x07h0000gn/T/CMakeCXXCompilerABI-088229.bc]
  ignore line: [ "/Applications/Xcode.app/Contents/Developer/Toolchains/XcodeDefault.xctoolchain/usr/bin/clang" -cc1 -triple thumbv7s-apple-ios8.0.0 -emit-llvm-bc -disable-free -disable-llvm-verifier -discard-value-names -main-file-name CMakeCXXCompilerABI.cpp -mrelocation-model pic -pic-level 2 -mthread-model posix -mdisable-fp-elim -fno-strict-return -masm-verbose -faligned-alloc-unavailable -target-cpu swift -target-feature +soft-float-abi -target-abi apcs-gnu -mfloat-abi soft -fallow-half-arguments-and-returns -dwarf-column-info -debugger-tuning=lldb -target-linker-version 450.3 -v -coverage-notes-file /Users/jsh/dev/data_reporter/DataReporter/build/iOS/build/os/CMakeFiles/CMakeTmp/CMakeFiles/cmTC_71790.dir/CMakeCXXCompilerABI.cpp.gcno -resource-dir /Applications/Xcode.app/Contents/Developer/Toolchains/XcodeDefault.xctoolchain/usr/lib/clang/10.0.1 -isysroot /Applications/Xcode.app/Contents/Developer/Platforms/iPhoneOS.platform/Developer/SDKs/iPhoneOS12.4.sdk -stdlib=libc++ -Wno-atomic-implicit-seq-cst -Wno-framework-include-private-from-public -Wno-atimport-in-framework-header -Wno-quoted-include-in-framework-header -fdeprecated-macro -fdebug-compilation-dir /Users/jsh/dev/data_reporter/DataReporter/build/iOS/build/os/CMakeFiles/CMakeTmp -ferror-limit 19 -fmessage-length 0 -fvisibility hidden -fvisibility-inlines-hidden -stack-protector 1 -fblocks -fencode-extended-block-signature -fregister-global-dtors-with-atexit -fobjc-runtime=ios-8.0.0 -fobjc-arc -fobjc-arc-exceptions -fcxx-exceptions -fexceptions -fsjlj-exceptions -fmax-type-align=16 -fdiagnostics-show-option -o /var/folders/qf/0nbz75ws7pj6pg93zt52x07h0000gn/T/CMakeCXXCompilerABI-441e96.bc -x c++ /Applications/CMake.app/Contents/share/cmake-3.15/Modules/CMakeCXXCompilerABI.cpp]
  ignore line: [clang -cc1 version 10.0.1 (clang-1001.0.46.4) default target x86_64-apple-darwin18.7.0]
  ignore line: [ignoring nonexistent directory "/Applications/Xcode.app/Contents/Developer/Platforms/iPhoneOS.platform/Developer/SDKs/iPhoneOS12.4.sdk/usr/include/c++/v1"]
  ignore line: [ignoring nonexistent directory "/Applications/Xcode.app/Contents/Developer/Platforms/iPhoneOS.platform/Developer/SDKs/iPhoneOS12.4.sdk/usr/local/include"]
  ignore line: [ignoring nonexistent directory "/Applications/Xcode.app/Contents/Developer/Platforms/iPhoneOS.platform/Developer/SDKs/iPhoneOS12.4.sdk/Library/Frameworks"]
  ignore line: [#include "..." search starts here:]
  ignore line: [#include <...> search starts here:]
  ignore line: [ /Applications/Xcode.app/Contents/Developer/Toolchains/XcodeDefault.xctoolchain/usr/include/c++/v1]
  ignore line: [ /Applications/Xcode.app/Contents/Developer/Toolchains/XcodeDefault.xctoolchain/usr/lib/clang/10.0.1/include]
  ignore line: [ /Applications/Xcode.app/Contents/Developer/Toolchains/XcodeDefault.xctoolchain/usr/include]
  ignore line: [ /Applications/Xcode.app/Contents/Developer/Platforms/iPhoneOS.platform/Developer/SDKs/iPhoneOS12.4.sdk/usr/include]
  ignore line: [ /Applications/Xcode.app/Contents/Developer/Platforms/iPhoneOS.platform/Developer/SDKs/iPhoneOS12.4.sdk/System/Library/Frameworks (framework directory)]
  ignore line: [End of search list.]
  ignore line: [ "/Applications/Xcode.app/Contents/Developer/Toolchains/XcodeDefault.xctoolchain/usr/bin/clang" -cc1 -triple thumbv7s-apple-ios8.0.0 -emit-obj -fembed-bitcode=all -disable-llvm-passes -target-abi apcs-gnu -mfloat-abi soft -o /var/folders/qf/0nbz75ws7pj6pg93zt52x07h0000gn/T/CMakeCXXCompilerABI-8e039e.o -x ir /var/folders/qf/0nbz75ws7pj6pg93zt52x07h0000gn/T/CMakeCXXCompilerABI-441e96.bc]
  ignore line: [ "/Applications/Xcode.app/Contents/Developer/Toolchains/XcodeDefault.xctoolchain/usr/bin/clang" -cc1 -triple arm64-apple-ios8.0.0 -Wdeprecated-objc-isa-usage -Werror=deprecated-objc-isa-usage -Werror=implicit-function-declaration -emit-llvm-bc -disable-free -disable-llvm-verifier -discard-value-names -main-file-name CMakeCXXCompilerABI.cpp -mrelocation-model pic -pic-level 2 -mthread-model posix -mdisable-fp-elim -fno-strict-return -masm-verbose -munwind-tables -faligned-alloc-unavailable -target-cpu cyclone -target-feature +fp-armv8 -target-feature +neon -target-feature +crypto -target-feature +zcm -target-feature +zcz -target-abi darwinpcs -fallow-half-arguments-and-returns -dwarf-column-info -debugger-tuning=lldb -target-linker-version 450.3 -v -coverage-notes-file /Users/jsh/dev/data_reporter/DataReporter/build/iOS/build/os/CMakeFiles/CMakeTmp/CMakeFiles/cmTC_71790.dir/CMakeCXXCompilerABI.cpp.gcno -resource-dir /Applications/Xcode.app/Contents/Developer/Toolchains/XcodeDefault.xctoolchain/usr/lib/clang/10.0.1 -isysroot /Applications/Xcode.app/Contents/Developer/Platforms/iPhoneOS.platform/Developer/SDKs/iPhoneOS12.4.sdk -stdlib=libc++ -Wno-atomic-implicit-seq-cst -Wno-framework-include-private-from-public -Wno-atimport-in-framework-header -Wno-quoted-include-in-framework-header -fdeprecated-macro -fdebug-compilation-dir /Users/jsh/dev/data_reporter/DataReporter/build/iOS/build/os/CMakeFiles/CMakeTmp -ferror-limit 19 -fmessage-length 0 -fvisibility hidden -fvisibility-inlines-hidden -stack-protector 1 -fblocks -fencode-extended-block-signature -fregister-global-dtors-with-atexit -fobjc-runtime=ios-8.0.0 -fobjc-arc -fobjc-arc-exceptions -fcxx-exceptions -fexceptions -fmax-type-align=16 -fdiagnostics-show-option -o /var/folders/qf/0nbz75ws7pj6pg93zt52x07h0000gn/T/CMakeCXXCompilerABI-ddff26.bc -x c++ /Applications/CMake.app/Contents/share/cmake-3.15/Modules/CMakeCXXCompilerABI.cpp]
  ignore line: [clang -cc1 version 10.0.1 (clang-1001.0.46.4) default target x86_64-apple-darwin18.7.0]
  ignore line: [ignoring nonexistent directory "/Applications/Xcode.app/Contents/Developer/Platforms/iPhoneOS.platform/Developer/SDKs/iPhoneOS12.4.sdk/usr/include/c++/v1"]
  ignore line: [ignoring nonexistent directory "/Applications/Xcode.app/Contents/Developer/Platforms/iPhoneOS.platform/Developer/SDKs/iPhoneOS12.4.sdk/usr/local/include"]
  ignore line: [ignoring nonexistent directory "/Applications/Xcode.app/Contents/Developer/Platforms/iPhoneOS.platform/Developer/SDKs/iPhoneOS12.4.sdk/Library/Frameworks"]
  ignore line: [#include "..." search starts here:]
  ignore line: [#include <...> search starts here:]
  ignore line: [ /Applications/Xcode.app/Contents/Developer/Toolchains/XcodeDefault.xctoolchain/usr/include/c++/v1]
  ignore line: [ /Applications/Xcode.app/Contents/Developer/Toolchains/XcodeDefault.xctoolchain/usr/lib/clang/10.0.1/include]
  ignore line: [ /Applications/Xcode.app/Contents/Developer/Toolchains/XcodeDefault.xctoolchain/usr/include]
  ignore line: [ /Applications/Xcode.app/Contents/Developer/Platforms/iPhoneOS.platform/Developer/SDKs/iPhoneOS12.4.sdk/usr/include]
  ignore line: [ /Applications/Xcode.app/Contents/Developer/Platforms/iPhoneOS.platform/Developer/SDKs/iPhoneOS12.4.sdk/System/Library/Frameworks (framework directory)]
  ignore line: [End of search list.]
  ignore line: [ "/Applications/Xcode.app/Contents/Developer/Toolchains/XcodeDefault.xctoolchain/usr/bin/clang" -cc1 -triple arm64-apple-ios8.0.0 -Wdeprecated-objc-isa-usage -Werror=deprecated-objc-isa-usage -Werror=implicit-function-declaration -emit-obj -fembed-bitcode=all -disable-llvm-passes -target-abi darwinpcs -o /var/folders/qf/0nbz75ws7pj6pg93zt52x07h0000gn/T/CMakeCXXCompilerABI-8e60dd.o -x ir /var/folders/qf/0nbz75ws7pj6pg93zt52x07h0000gn/T/CMakeCXXCompilerABI-ddff26.bc]
  ignore line: [ "/Applications/Xcode.app/Contents/Developer/Toolchains/XcodeDefault.xctoolchain/usr/bin/clang" -cc1 -triple arm64e-apple-ios8.0.0 -Wdeprecated-objc-isa-usage -Werror=deprecated-objc-isa-usage -Werror=implicit-function-declaration -emit-llvm-bc -disable-free -disable-llvm-verifier -discard-value-names -main-file-name CMakeCXXCompilerABI.cpp -mrelocation-model pic -pic-level 2 -mthread-model posix -mdisable-fp-elim -fno-strict-return -masm-verbose -munwind-tables -faligned-alloc-unavailable -target-cpu vortex -target-feature +v8.3a -target-feature +fp-armv8 -target-feature +neon -target-feature +crc -target-feature +crypto -target-feature +ras -target-feature +lse -target-feature +rdm -target-feature +rcpc -target-feature +zcm -target-feature +zcz -target-abi darwinpcs -fptrauth-returns -fptrauth-intrinsics -fptrauth-calls -fallow-half-arguments-and-returns -dwarf-column-info -debugger-tuning=lldb -target-linker-version 450.3 -v -coverage-notes-file /Users/jsh/dev/data_reporter/DataReporter/build/iOS/build/os/CMakeFiles/CMakeTmp/CMakeFiles/cmTC_71790.dir/CMakeCXXCompilerABI.cpp.gcno -resource-dir /Applications/Xcode.app/Contents/Developer/Toolchains/XcodeDefault.xctoolchain/usr/lib/clang/10.0.1 -isysroot /Applications/Xcode.app/Contents/Developer/Platforms/iPhoneOS.platform/Developer/SDKs/iPhoneOS12.4.sdk -stdlib=libc++ -Wno-atomic-implicit-seq-cst -Wno-framework-include-private-from-public -Wno-atimport-in-framework-header -Wno-quoted-include-in-framework-header -fdeprecated-macro -fdebug-compilation-dir /Users/jsh/dev/data_reporter/DataReporter/build/iOS/build/os/CMakeFiles/CMakeTmp -ferror-limit 19 -fmessage-length 0 -fvisibility hidden -fvisibility-inlines-hidden -stack-protector 1 -fblocks -fencode-extended-block-signature -fregister-global-dtors-with-atexit -fobjc-runtime=ios-8.0.0 -fobjc-arc -fobjc-arc-exceptions -fcxx-exceptions -fexceptions -fmax-type-align=16 -fdiagnostics-show-option -o /var/folders/qf/0nbz75ws7pj6pg93zt52x07h0000gn/T/CMakeCXXCompilerABI-3e9d99.bc -x c++ /Applications/CMake.app/Contents/share/cmake-3.15/Modules/CMakeCXXCompilerABI.cpp]
  ignore line: [clang -cc1 version 10.0.1 (clang-1001.0.46.4) default target x86_64-apple-darwin18.7.0]
  ignore line: [ignoring nonexistent directory "/Applications/Xcode.app/Contents/Developer/Platforms/iPhoneOS.platform/Developer/SDKs/iPhoneOS12.4.sdk/usr/include/c++/v1"]
  ignore line: [ignoring nonexistent directory "/Applications/Xcode.app/Contents/Developer/Platforms/iPhoneOS.platform/Developer/SDKs/iPhoneOS12.4.sdk/usr/local/include"]
  ignore line: [ignoring nonexistent directory "/Applications/Xcode.app/Contents/Developer/Platforms/iPhoneOS.platform/Developer/SDKs/iPhoneOS12.4.sdk/Library/Frameworks"]
  ignore line: [#include "..." search starts here:]
  ignore line: [#include <...> search starts here:]
  ignore line: [ /Applications/Xcode.app/Contents/Developer/Toolchains/XcodeDefault.xctoolchain/usr/include/c++/v1]
  ignore line: [ /Applications/Xcode.app/Contents/Developer/Toolchains/XcodeDefault.xctoolchain/usr/lib/clang/10.0.1/include]
  ignore line: [ /Applications/Xcode.app/Contents/Developer/Toolchains/XcodeDefault.xctoolchain/usr/include]
  ignore line: [ /Applications/Xcode.app/Contents/Developer/Platforms/iPhoneOS.platform/Developer/SDKs/iPhoneOS12.4.sdk/usr/include]
  ignore line: [ /Applications/Xcode.app/Contents/Developer/Platforms/iPhoneOS.platform/Developer/SDKs/iPhoneOS12.4.sdk/System/Library/Frameworks (framework directory)]
  ignore line: [End of search list.]
  ignore line: [ "/Applications/Xcode.app/Contents/Developer/Toolchains/XcodeDefault.xctoolchain/usr/bin/clang" -cc1 -triple arm64e-apple-ios8.0.0 -Wdeprecated-objc-isa-usage -Werror=deprecated-objc-isa-usage -Werror=implicit-function-declaration -emit-obj -fembed-bitcode=all -disable-llvm-passes -target-abi darwinpcs -o /var/folders/qf/0nbz75ws7pj6pg93zt52x07h0000gn/T/CMakeCXXCompilerABI-450315.o -x ir /var/folders/qf/0nbz75ws7pj6pg93zt52x07h0000gn/T/CMakeCXXCompilerABI-3e9d99.bc]
  ignore line: [ "/Applications/Xcode.app/Contents/Developer/Toolchains/XcodeDefault.xctoolchain/usr/bin/lipo" -create -output CMakeFiles/cmTC_71790.dir/CMakeCXXCompilerABI.cpp.o /var/folders/qf/0nbz75ws7pj6pg93zt52x07h0000gn/T/CMakeCXXCompilerABI-9efb27.o /var/folders/qf/0nbz75ws7pj6pg93zt52x07h0000gn/T/CMakeCXXCompilerABI-8e039e.o /var/folders/qf/0nbz75ws7pj6pg93zt52x07h0000gn/T/CMakeCXXCompilerABI-8e60dd.o /var/folders/qf/0nbz75ws7pj6pg93zt52x07h0000gn/T/CMakeCXXCompilerABI-450315.o]
  ignore line: [Linking CXX static library libcmTC_71790.a]
  ignore line: [/Applications/CMake.app/Contents/bin/cmake -P CMakeFiles/cmTC_71790.dir/cmake_clean_target.cmake]
  ignore line: [/Applications/CMake.app/Contents/bin/cmake -E cmake_link_script CMakeFiles/cmTC_71790.dir/link.txt --verbose=1]
  ignore line: [/Applications/Xcode.app/Contents/Developer/Toolchains/XcodeDefault.xctoolchain/usr/bin/libtool -static -o libcmTC_71790.a  CMakeFiles/cmTC_71790.dir/CMakeCXXCompilerABI.cpp.o ]
  ignore line: []
  ignore line: []
  implicit libs: []
  implicit dirs: []
  implicit fwks: []


